[21-Mar-2026 00:45:39 Europe/Moscow] PHP Fatal error:  Uncaught Error: Undefined constant "PLUGINS_PATH" in C:\OSPanel\domains\bloggy4\system\core\FieldManager.php:155
Stack trace:
#0 C:\OSPanel\domains\bloggy4\system\core\FieldManager.php(54): FieldManager->loadPluginFields()
#1 C:\OSPanel\domains\bloggy4\system\core\FieldManager.php(42): FieldManager->loadFieldClasses()
#2 C:\OSPanel\domains\bloggy4\system\core\App.php(46): FieldManager->__construct()
#3 C:\OSPanel\domains\bloggy4\system\core\App.php(33): App->initFieldShortcodes()
#4 C:\OSPanel\domains\bloggy4\index.php(259): App->__construct()
#5 {main}
  thrown in C:\OSPanel\domains\bloggy4\system\core\FieldManager.php on line 155
[21-Mar-2026 00:46:09 Europe/Moscow] PHP Fatal error:  Uncaught Error: Undefined constant "PLUGINS_PATH" in C:\OSPanel\domains\bloggy4\system\core\FieldManager.php:155
Stack trace:
#0 C:\OSPanel\domains\bloggy4\system\core\FieldManager.php(54): FieldManager->loadPluginFields()
#1 C:\OSPanel\domains\bloggy4\system\core\FieldManager.php(42): FieldManager->loadFieldClasses()
#2 C:\OSPanel\domains\bloggy4\system\core\App.php(46): FieldManager->__construct()
#3 C:\OSPanel\domains\bloggy4\system\core\App.php(33): App->initFieldShortcodes()
#4 C:\OSPanel\domains\bloggy4\index.php(259): App->__construct()
#5 {main}
  thrown in C:\OSPanel\domains\bloggy4\system\core\FieldManager.php on line 155
[21-Mar-2026 00:46:39 Europe/Moscow] PHP Fatal error:  Uncaught Error: Undefined constant "PLUGINS_PATH" in C:\OSPanel\domains\bloggy4\system\core\FieldManager.php:155
Stack trace:
#0 C:\OSPanel\domains\bloggy4\system\core\FieldManager.php(54): FieldManager->loadPluginFields()
#1 C:\OSPanel\domains\bloggy4\system\core\FieldManager.php(42): FieldManager->loadFieldClasses()
#2 C:\OSPanel\domains\bloggy4\system\core\App.php(46): FieldManager->__construct()
#3 C:\OSPanel\domains\bloggy4\system\core\App.php(33): App->initFieldShortcodes()
#4 C:\OSPanel\domains\bloggy4\index.php(259): App->__construct()
#5 {main}
  thrown in C:\OSPanel\domains\bloggy4\system\core\FieldManager.php on line 155
[21-Mar-2026 00:47:09 Europe/Moscow] PHP Fatal error:  Uncaught Error: Undefined constant "PLUGINS_PATH" in C:\OSPanel\domains\bloggy4\system\core\FieldManager.php:155
Stack trace:
#0 C:\OSPanel\domains\bloggy4\system\core\FieldManager.php(54): FieldManager->loadPluginFields()
#1 C:\OSPanel\domains\bloggy4\system\core\FieldManager.php(42): FieldManager->loadFieldClasses()
#2 C:\OSPanel\domains\bloggy4\system\core\App.php(46): FieldManager->__construct()
#3 C:\OSPanel\domains\bloggy4\system\core\App.php(33): App->initFieldShortcodes()
#4 C:\OSPanel\domains\bloggy4\index.php(259): App->__construct()
#5 {main}
  thrown in C:\OSPanel\domains\bloggy4\system\core\FieldManager.php on line 155
[21-Mar-2026 00:47:39 Europe/Moscow] PHP Fatal error:  Uncaught Error: Undefined constant "PLUGINS_PATH" in C:\OSPanel\domains\bloggy4\system\core\FieldManager.php:155
Stack trace:
#0 C:\OSPanel\domains\bloggy4\system\core\FieldManager.php(54): FieldManager->loadPluginFields()
#1 C:\OSPanel\domains\bloggy4\system\core\FieldManager.php(42): FieldManager->loadFieldClasses()
#2 C:\OSPanel\domains\bloggy4\system\core\App.php(46): FieldManager->__construct()
#3 C:\OSPanel\domains\bloggy4\system\core\App.php(33): App->initFieldShortcodes()
#4 C:\OSPanel\domains\bloggy4\index.php(259): App->__construct()
#5 {main}
  thrown in C:\OSPanel\domains\bloggy4\system\core\FieldManager.php on line 155
[21-Mar-2026 00:48:09 Europe/Moscow] PHP Fatal error:  Uncaught Error: Undefined constant "PLUGINS_PATH" in C:\OSPanel\domains\bloggy4\system\core\FieldManager.php:155
Stack trace:
#0 C:\OSPanel\domains\bloggy4\system\core\FieldManager.php(54): FieldManager->loadPluginFields()
#1 C:\OSPanel\domains\bloggy4\system\core\FieldManager.php(42): FieldManager->loadFieldClasses()
#2 C:\OSPanel\domains\bloggy4\system\core\App.php(46): FieldManager->__construct()
#3 C:\OSPanel\domains\bloggy4\system\core\App.php(33): App->initFieldShortcodes()
#4 C:\OSPanel\domains\bloggy4\index.php(259): App->__construct()
#5 {main}
  thrown in C:\OSPanel\domains\bloggy4\system\core\FieldManager.php on line 155
[21-Mar-2026 00:48:42 Europe/Moscow] PHP Fatal error:  Uncaught Error: Undefined constant "PLUGINS_PATH" in C:\OSPanel\domains\bloggy4\system\core\FieldManager.php:155
Stack trace:
#0 C:\OSPanel\domains\bloggy4\system\core\FieldManager.php(54): FieldManager->loadPluginFields()
#1 C:\OSPanel\domains\bloggy4\system\core\FieldManager.php(42): FieldManager->loadFieldClasses()
#2 C:\OSPanel\domains\bloggy4\system\core\App.php(46): FieldManager->__construct()
#3 C:\OSPanel\domains\bloggy4\system\core\App.php(33): App->initFieldShortcodes()
#4 C:\OSPanel\domains\bloggy4\index.php(259): App->__construct()
#5 {main}
  thrown in C:\OSPanel\domains\bloggy4\system\core\FieldManager.php on line 155
